<?xml version="1.0" encoding="UTF-8"?>
<testsuite xmlns:xsi="http://www.w3.org/2001/XMLSchema-instance" xsi:noNamespaceSchemaLocation="https://maven.apache.org/surefire/maven-surefire-plugin/xsd/surefire-test-report.xsd" name="TestSuite" time="5.176" tests="4" errors="0" skipped="0" failures="1">
  <properties>
    <property name="gopherProxySet" value="false"/>
    <property name="awt.toolkit" value="sun.lwawt.macosx.LWCToolkit"/>
    <property name="file.encoding.pkg" value="sun.io"/>
    <property name="java.specification.version" value="1.8"/>
    <property name="sun.cpu.isalist" value=""/>
    <property name="sun.jnu.encoding" value="UTF-8"/>
    <property name="java.class.path" value="/Users/kieuvantruyen/Documents/Automation_Testing/Urbn8API/target/test-classes:/Users/kieuvantruyen/Documents/Automation_Testing/Urbn8API/target/classes:/Users/kieuvantruyen/.m2/repository/org/testng/testng/7.3.0/testng-7.3.0.jar:/Users/kieuvantruyen/.m2/repository/com/beust/jcommander/1.78/jcommander-1.78.jar:/Users/kieuvantruyen/.m2/repository/org/apache/ant/ant/1.10.3/ant-1.10.3.jar:/Users/kieuvantruyen/.m2/repository/org/apache/ant/ant-launcher/1.10.3/ant-launcher-1.10.3.jar:/Users/kieuvantruyen/.m2/repository/junit/junit/4.12/junit-4.12.jar:/Users/kieuvantruyen/.m2/repository/org/hamcrest/hamcrest-core/1.3/hamcrest-core-1.3.jar:/Users/kieuvantruyen/.m2/repository/com/google/inject/guice/4.2.2/guice-4.2.2-no_aop.jar:/Users/kieuvantruyen/.m2/repository/javax/inject/javax.inject/1/javax.inject-1.jar:/Users/kieuvantruyen/.m2/repository/aopalliance/aopalliance/1.0/aopalliance-1.0.jar:/Users/kieuvantruyen/.m2/repository/com/google/guava/guava/25.1-android/guava-25.1-android.jar:/Users/kieuvantruyen/.m2/repository/com/google/code/findbugs/jsr305/3.0.2/jsr305-3.0.2.jar:/Users/kieuvantruyen/.m2/repository/org/checkerframework/checker-compat-qual/2.0.0/checker-compat-qual-2.0.0.jar:/Users/kieuvantruyen/.m2/repository/com/google/errorprone/error_prone_annotations/2.1.3/error_prone_annotations-2.1.3.jar:/Users/kieuvantruyen/.m2/repository/com/google/j2objc/j2objc-annotations/1.1/j2objc-annotations-1.1.jar:/Users/kieuvantruyen/.m2/repository/org/codehaus/mojo/animal-sniffer-annotations/1.14/animal-sniffer-annotations-1.14.jar:/Users/kieuvantruyen/.m2/repository/org/yaml/snakeyaml/1.21/snakeyaml-1.21.jar:/Users/kieuvantruyen/.m2/repository/io/rest-assured/rest-assured/4.3.0/rest-assured-4.3.0.jar:/Users/kieuvantruyen/.m2/repository/org/codehaus/groovy/groovy/3.0.2/groovy-3.0.2.jar:/Users/kieuvantruyen/.m2/repository/org/codehaus/groovy/groovy-xml/3.0.2/groovy-xml-3.0.2.jar:/Users/kieuvantruyen/.m2/repository/org/apache/httpcomponents/httpclient/4.5.3/httpclient-4.5.3.jar:/Users/kieuvantruyen/.m2/repository/org/apache/httpcomponents/httpcore/4.4.6/httpcore-4.4.6.jar:/Users/kieuvantruyen/.m2/repository/commons-logging/commons-logging/1.2/commons-logging-1.2.jar:/Users/kieuvantruyen/.m2/repository/commons-codec/commons-codec/1.9/commons-codec-1.9.jar:/Users/kieuvantruyen/.m2/repository/org/apache/httpcomponents/httpmime/4.5.3/httpmime-4.5.3.jar:/Users/kieuvantruyen/.m2/repository/org/hamcrest/hamcrest/2.1/hamcrest-2.1.jar:/Users/kieuvantruyen/.m2/repository/org/ccil/cowan/tagsoup/tagsoup/1.2.1/tagsoup-1.2.1.jar:/Users/kieuvantruyen/.m2/repository/io/rest-assured/json-path/4.3.0/json-path-4.3.0.jar:/Users/kieuvantruyen/.m2/repository/org/codehaus/groovy/groovy-json/3.0.2/groovy-json-3.0.2.jar:/Users/kieuvantruyen/.m2/repository/io/rest-assured/rest-assured-common/4.3.0/rest-assured-common-4.3.0.jar:/Users/kieuvantruyen/.m2/repository/io/rest-assured/xml-path/4.3.0/xml-path-4.3.0.jar:/Users/kieuvantruyen/.m2/repository/org/apache/commons/commons-lang3/3.4/commons-lang3-3.4.jar:/Users/kieuvantruyen/.m2/repository/jakarta/xml/bind/jakarta.xml.bind-api/2.3.2/jakarta.xml.bind-api-2.3.2.jar:/Users/kieuvantruyen/.m2/repository/jakarta/activation/jakarta.activation-api/1.2.1/jakarta.activation-api-1.2.1.jar:/Users/kieuvantruyen/.m2/repository/com/sun/xml/bind/jaxb-osgi/2.3.0.1/jaxb-osgi-2.3.0.1.jar:/Users/kieuvantruyen/.m2/repository/org/apache/sling/org.apache.sling.javax.activation/0.1.0/org.apache.sling.javax.activation-0.1.0.jar:/Users/kieuvantruyen/.m2/repository/javax/activation/activation/1.1.1/activation-1.1.1.jar:/Users/kieuvantruyen/.m2/repository/org/projectlombok/lombok/1.18.22/lombok-1.18.22.jar:/Users/kieuvantruyen/.m2/repository/com/google/code/gson/gson/2.8.8/gson-2.8.8.jar:/Users/kieuvantruyen/.m2/repository/org/assertj/assertj-core/3.19.0/assertj-core-3.19.0.jar:"/>
    <property name="java.vm.vendor" value="AdoptOpenJDK"/>
    <property name="sun.arch.data.model" value="64"/>
    <property name="java.vendor.url" value="https://adoptopenjdk.net/"/>
    <property name="user.timezone" value=""/>
    <property name="java.vm.specification.version" value="1.8"/>
    <property name="os.name" value="Mac OS X"/>
    <property name="user.country" value="VN"/>
    <property name="sun.java.launcher" value="SUN_STANDARD"/>
    <property name="sun.boot.library.path" value="/Library/Java/JavaVirtualMachines/adoptopenjdk-8.jdk/Contents/Home/jre/lib"/>
    <property name="sun.java.command" value="/Users/kieuvantruyen/Documents/Automation_Testing/Urbn8API/target/surefire/surefirebooter7225038346903235302.jar /Users/kieuvantruyen/Documents/Automation_Testing/Urbn8API/target/surefire 2021-11-21T01-57-55_927-jvmRun1 surefire1363379614048453431tmp surefire_01055211811159618747tmp"/>
    <property name="http.nonProxyHosts" value="local|*.local|169.254/16|*.169.254/16"/>
    <property name="surefire.test.class.path" value="/Users/kieuvantruyen/Documents/Automation_Testing/Urbn8API/target/test-classes:/Users/kieuvantruyen/Documents/Automation_Testing/Urbn8API/target/classes:/Users/kieuvantruyen/.m2/repository/org/testng/testng/7.3.0/testng-7.3.0.jar:/Users/kieuvantruyen/.m2/repository/com/beust/jcommander/1.78/jcommander-1.78.jar:/Users/kieuvantruyen/.m2/repository/org/apache/ant/ant/1.10.3/ant-1.10.3.jar:/Users/kieuvantruyen/.m2/repository/org/apache/ant/ant-launcher/1.10.3/ant-launcher-1.10.3.jar:/Users/kieuvantruyen/.m2/repository/junit/junit/4.12/junit-4.12.jar:/Users/kieuvantruyen/.m2/repository/org/hamcrest/hamcrest-core/1.3/hamcrest-core-1.3.jar:/Users/kieuvantruyen/.m2/repository/com/google/inject/guice/4.2.2/guice-4.2.2-no_aop.jar:/Users/kieuvantruyen/.m2/repository/javax/inject/javax.inject/1/javax.inject-1.jar:/Users/kieuvantruyen/.m2/repository/aopalliance/aopalliance/1.0/aopalliance-1.0.jar:/Users/kieuvantruyen/.m2/repository/com/google/guava/guava/25.1-android/guava-25.1-android.jar:/Users/kieuvantruyen/.m2/repository/com/google/code/findbugs/jsr305/3.0.2/jsr305-3.0.2.jar:/Users/kieuvantruyen/.m2/repository/org/checkerframework/checker-compat-qual/2.0.0/checker-compat-qual-2.0.0.jar:/Users/kieuvantruyen/.m2/repository/com/google/errorprone/error_prone_annotations/2.1.3/error_prone_annotations-2.1.3.jar:/Users/kieuvantruyen/.m2/repository/com/google/j2objc/j2objc-annotations/1.1/j2objc-annotations-1.1.jar:/Users/kieuvantruyen/.m2/repository/org/codehaus/mojo/animal-sniffer-annotations/1.14/animal-sniffer-annotations-1.14.jar:/Users/kieuvantruyen/.m2/repository/org/yaml/snakeyaml/1.21/snakeyaml-1.21.jar:/Users/kieuvantruyen/.m2/repository/io/rest-assured/rest-assured/4.3.0/rest-assured-4.3.0.jar:/Users/kieuvantruyen/.m2/repository/org/codehaus/groovy/groovy/3.0.2/groovy-3.0.2.jar:/Users/kieuvantruyen/.m2/repository/org/codehaus/groovy/groovy-xml/3.0.2/groovy-xml-3.0.2.jar:/Users/kieuvantruyen/.m2/repository/org/apache/httpcomponents/httpclient/4.5.3/httpclient-4.5.3.jar:/Users/kieuvantruyen/.m2/repository/org/apache/httpcomponents/httpcore/4.4.6/httpcore-4.4.6.jar:/Users/kieuvantruyen/.m2/repository/commons-logging/commons-logging/1.2/commons-logging-1.2.jar:/Users/kieuvantruyen/.m2/repository/commons-codec/commons-codec/1.9/commons-codec-1.9.jar:/Users/kieuvantruyen/.m2/repository/org/apache/httpcomponents/httpmime/4.5.3/httpmime-4.5.3.jar:/Users/kieuvantruyen/.m2/repository/org/hamcrest/hamcrest/2.1/hamcrest-2.1.jar:/Users/kieuvantruyen/.m2/repository/org/ccil/cowan/tagsoup/tagsoup/1.2.1/tagsoup-1.2.1.jar:/Users/kieuvantruyen/.m2/repository/io/rest-assured/json-path/4.3.0/json-path-4.3.0.jar:/Users/kieuvantruyen/.m2/repository/org/codehaus/groovy/groovy-json/3.0.2/groovy-json-3.0.2.jar:/Users/kieuvantruyen/.m2/repository/io/rest-assured/rest-assured-common/4.3.0/rest-assured-common-4.3.0.jar:/Users/kieuvantruyen/.m2/repository/io/rest-assured/xml-path/4.3.0/xml-path-4.3.0.jar:/Users/kieuvantruyen/.m2/repository/org/apache/commons/commons-lang3/3.4/commons-lang3-3.4.jar:/Users/kieuvantruyen/.m2/repository/jakarta/xml/bind/jakarta.xml.bind-api/2.3.2/jakarta.xml.bind-api-2.3.2.jar:/Users/kieuvantruyen/.m2/repository/jakarta/activation/jakarta.activation-api/1.2.1/jakarta.activation-api-1.2.1.jar:/Users/kieuvantruyen/.m2/repository/com/sun/xml/bind/jaxb-osgi/2.3.0.1/jaxb-osgi-2.3.0.1.jar:/Users/kieuvantruyen/.m2/repository/org/apache/sling/org.apache.sling.javax.activation/0.1.0/org.apache.sling.javax.activation-0.1.0.jar:/Users/kieuvantruyen/.m2/repository/javax/activation/activation/1.1.1/activation-1.1.1.jar:/Users/kieuvantruyen/.m2/repository/org/projectlombok/lombok/1.18.22/lombok-1.18.22.jar:/Users/kieuvantruyen/.m2/repository/com/google/code/gson/gson/2.8.8/gson-2.8.8.jar:/Users/kieuvantruyen/.m2/repository/org/assertj/assertj-core/3.19.0/assertj-core-3.19.0.jar:"/>
    <property name="sun.cpu.endian" value="little"/>
    <property name="user.home" value="/Users/kieuvantruyen"/>
    <property name="user.language" value="en"/>
    <property name="java.specification.vendor" value="Oracle Corporation"/>
    <property name="java.home" value="/Library/Java/JavaVirtualMachines/adoptopenjdk-8.jdk/Contents/Home/jre"/>
    <property name="basedir" value="/Users/kieuvantruyen/Documents/Automation_Testing/Urbn8API"/>
    <property name="file.separator" value="/"/>
    <property name="line.separator" value="&#10;"/>
    <property name="java.vm.specification.vendor" value="Oracle Corporation"/>
    <property name="java.specification.name" value="Java Platform API Specification"/>
    <property name="java.awt.graphicsenv" value="sun.awt.CGraphicsEnvironment"/>
    <property name="surefire.real.class.path" value="/Users/kieuvantruyen/Documents/Automation_Testing/Urbn8API/target/surefire/surefirebooter7225038346903235302.jar:/Users/kieuvantruyen/.m2/repository/org/aspectj/aspectjweaver/1.9.6/aspectjweaver-1.9.6.jar"/>
    <property name="sun.boot.class.path" value="/Library/Java/JavaVirtualMachines/adoptopenjdk-8.jdk/Contents/Home/jre/lib/resources.jar:/Library/Java/JavaVirtualMachines/adoptopenjdk-8.jdk/Contents/Home/jre/lib/rt.jar:/Library/Java/JavaVirtualMachines/adoptopenjdk-8.jdk/Contents/Home/jre/lib/sunrsasign.jar:/Library/Java/JavaVirtualMachines/adoptopenjdk-8.jdk/Contents/Home/jre/lib/jsse.jar:/Library/Java/JavaVirtualMachines/adoptopenjdk-8.jdk/Contents/Home/jre/lib/jce.jar:/Library/Java/JavaVirtualMachines/adoptopenjdk-8.jdk/Contents/Home/jre/lib/charsets.jar:/Library/Java/JavaVirtualMachines/adoptopenjdk-8.jdk/Contents/Home/jre/lib/jfr.jar:/Library/Java/JavaVirtualMachines/adoptopenjdk-8.jdk/Contents/Home/jre/classes"/>
    <property name="sun.management.compiler" value="HotSpot 64-Bit Tiered Compilers"/>
    <property name="ftp.nonProxyHosts" value="local|*.local|169.254/16|*.169.254/16"/>
    <property name="java.runtime.version" value="1.8.0_292-b10"/>
    <property name="user.name" value="kieuvantruyen"/>
    <property name="path.separator" value=":"/>
    <property name="os.version" value="10.16"/>
    <property name="java.endorsed.dirs" value="/Library/Java/JavaVirtualMachines/adoptopenjdk-8.jdk/Contents/Home/jre/lib/endorsed"/>
    <property name="java.runtime.name" value="OpenJDK Runtime Environment"/>
    <property name="file.encoding" value="UTF-8"/>
    <property name="java.vm.name" value="OpenJDK 64-Bit Server VM"/>
    <property name="localRepository" value="/Users/kieuvantruyen/.m2/repository"/>
    <property name="java.vendor.url.bug" value="https://github.com/AdoptOpenJDK/openjdk-support/issues"/>
    <property name="java.io.tmpdir" value="/var/folders/fx/kgm9kb4x1g35g579hfclcmb40000gp/T/"/>
    <property name="java.version" value="1.8.0_292"/>
    <property name="user.dir" value="/Users/kieuvantruyen/Documents/Automation_Testing/Urbn8API"/>
    <property name="os.arch" value="x86_64"/>
    <property name="java.vm.specification.name" value="Java Virtual Machine Specification"/>
    <property name="java.awt.printerjob" value="sun.lwawt.macosx.CPrinterJob"/>
    <property name="sun.os.patch.level" value="unknown"/>
    <property name="java.library.path" value="/Users/kieuvantruyen/Library/Java/Extensions:/Library/Java/Extensions:/Network/Library/Java/Extensions:/System/Library/Java/Extensions:/usr/lib/java:."/>
    <property name="java.vm.info" value="mixed mode"/>
    <property name="java.vendor" value="AdoptOpenJDK"/>
    <property name="java.vm.version" value="25.292-b10"/>
    <property name="java.ext.dirs" value="/Users/kieuvantruyen/Library/Java/Extensions:/Library/Java/JavaVirtualMachines/adoptopenjdk-8.jdk/Contents/Home/jre/lib/ext:/Library/Java/Extensions:/Network/Library/Java/Extensions:/System/Library/Java/Extensions:/usr/lib/java"/>
    <property name="sun.io.unicode.encoding" value="UnicodeBig"/>
    <property name="java.class.version" value="52.0"/>
    <property name="socksNonProxyHosts" value="local|*.local|169.254/16|*.169.254/16"/>
  </properties>
  <testcase name="VerifyTheNumberOfManuafacturesReturnCorrect" classname="Urbn8.TestCase.TestManuafactor" time="2.775"/>
  <testcase name="VerifyTheOneManuafactureExistedInList" classname="Urbn8.TestCase.TestManuafactor" time="0.863"/>
  <testcase name="VerifyGetManuafactureDetailByName" classname="Urbn8.TestCase.TestManuafactor" time="0.665"/>
  <testcase name="VerifyGetManuafactureByID" classname="Urbn8.TestCase.TestManuafactor" time="0.561">
    <failure message="[Extracted: Country, Mfr_CommonName, Mfr_Name, VehicleTypes] &#10;Expecting:&#10;  [&quot;UNITED STATES (USA)&quot;,&#10;    &quot;Concord&quot;,&#10;    &quot;CONCORD ROAD EQUIPMENT MFG., INC.&quot;,&#10;    [{&quot;GVWRFrom&quot;:&quot;Class 1C: 4,001 - 5,000 lb (1,814 - 2,268 kg)&quot;,&quot;GVWRTo&quot;:&quot;Class 8: 33,001 lb and above (14,969 kg and above)&quot;,&quot;IsPrimary&quot;:true,&quot;Name&quot;:&quot;Truck &quot;},{&quot;GVWRFrom&quot;:&quot;Class 1A: 3,000 lb or less (1,360 kg or less)&quot;,&quot;GVWRTo&quot;:&quot;Class 8: 33,001 lb and above (14,969 kg and above)&quot;,&quot;IsPrimary&quot;:false,&quot;Name&quot;:&quot;Trailer&quot;},{&quot;GVWRFrom&quot;:&quot;Class 1A: 3,000 lb or less (1,360 kg or less)&quot;,&quot;GVWRTo&quot;:&quot;Class 8: 33,001 lb and above (14,969 kg and above)&quot;,&quot;IsPrimary&quot;:false,&quot;Name&quot;:&quot;Incomplete Vehicle&quot;},{&quot;GVWRFrom&quot;:&quot;Class 1A: 3,000 lb or less (1,360 kg or less)&quot;,&quot;GVWRTo&quot;:&quot;Class 8: 33,001 lb and above (14,969 kg and above)&quot;,&quot;IsPrimary&quot;:false,&quot;Name&quot;:&quot;Off Road Vehicle&quot;}]]&#10;to contain exactly (and in same order):&#10;  [&quot;UNITED STATES (USA)&quot;,&#10;    &quot;Concord&quot;,&#10;    &quot;CONCORD ROAD EQUIPMENT MFG., INC.&quot;,&#10;    [{&quot;IsPrimary&quot;:true,&quot;Name&quot;:&quot;Truck &quot;},{&quot;IsPrimary&quot;:false,&quot;Name&quot;:&quot;Trailer&quot;},{&quot;IsPrimary&quot;:false,&quot;Name&quot;:&quot;Incomplete Vehicle&quot;},{&quot;IsPrimary&quot;:false,&quot;Name&quot;:&quot;Off Road Vehicle&quot;}]]&#10;but some elements were not found:&#10;  [[{&quot;IsPrimary&quot;:true,&quot;Name&quot;:&quot;Truck &quot;},{&quot;IsPrimary&quot;:false,&quot;Name&quot;:&quot;Trailer&quot;},{&quot;IsPrimary&quot;:false,&quot;Name&quot;:&quot;Incomplete Vehicle&quot;},{&quot;IsPrimary&quot;:false,&quot;Name&quot;:&quot;Off Road Vehicle&quot;}]]&#10;and others were not expected:&#10;  [[{&quot;GVWRFrom&quot;:&quot;Class 1C: 4,001 - 5,000 lb (1,814 - 2,268 kg)&quot;,&quot;GVWRTo&quot;:&quot;Class 8: 33,001 lb and above (14,969 kg and above)&quot;,&quot;IsPrimary&quot;:true,&quot;Name&quot;:&quot;Truck &quot;},{&quot;GVWRFrom&quot;:&quot;Class 1A: 3,000 lb or less (1,360 kg or less)&quot;,&quot;GVWRTo&quot;:&quot;Class 8: 33,001 lb and above (14,969 kg and above)&quot;,&quot;IsPrimary&quot;:false,&quot;Name&quot;:&quot;Trailer&quot;},{&quot;GVWRFrom&quot;:&quot;Class 1A: 3,000 lb or less (1,360 kg or less)&quot;,&quot;GVWRTo&quot;:&quot;Class 8: 33,001 lb and above (14,969 kg and above)&quot;,&quot;IsPrimary&quot;:false,&quot;Name&quot;:&quot;Incomplete Vehicle&quot;},{&quot;GVWRFrom&quot;:&quot;Class 1A: 3,000 lb or less (1,360 kg or less)&quot;,&quot;GVWRTo&quot;:&quot;Class 8: 33,001 lb and above (14,969 kg and above)&quot;,&quot;IsPrimary&quot;:false,&quot;Name&quot;:&quot;Off Road Vehicle&quot;}]]&#10;" type="java.lang.AssertionError">java.lang.AssertionError: 
[Extracted: Country, Mfr_CommonName, Mfr_Name, VehicleTypes] 
Expecting:
  ["UNITED STATES (USA)",
    "Concord",
    "CONCORD ROAD EQUIPMENT MFG., INC.",
    [{"GVWRFrom":"Class 1C: 4,001 - 5,000 lb (1,814 - 2,268 kg)","GVWRTo":"Class 8: 33,001 lb and above (14,969 kg and above)","IsPrimary":true,"Name":"Truck "},{"GVWRFrom":"Class 1A: 3,000 lb or less (1,360 kg or less)","GVWRTo":"Class 8: 33,001 lb and above (14,969 kg and above)","IsPrimary":false,"Name":"Trailer"},{"GVWRFrom":"Class 1A: 3,000 lb or less (1,360 kg or less)","GVWRTo":"Class 8: 33,001 lb and above (14,969 kg and above)","IsPrimary":false,"Name":"Incomplete Vehicle"},{"GVWRFrom":"Class 1A: 3,000 lb or less (1,360 kg or less)","GVWRTo":"Class 8: 33,001 lb and above (14,969 kg and above)","IsPrimary":false,"Name":"Off Road Vehicle"}]]
to contain exactly (and in same order):
  ["UNITED STATES (USA)",
    "Concord",
    "CONCORD ROAD EQUIPMENT MFG., INC.",
    [{"IsPrimary":true,"Name":"Truck "},{"IsPrimary":false,"Name":"Trailer"},{"IsPrimary":false,"Name":"Incomplete Vehicle"},{"IsPrimary":false,"Name":"Off Road Vehicle"}]]
but some elements were not found:
  [[{"IsPrimary":true,"Name":"Truck "},{"IsPrimary":false,"Name":"Trailer"},{"IsPrimary":false,"Name":"Incomplete Vehicle"},{"IsPrimary":false,"Name":"Off Road Vehicle"}]]
and others were not expected:
  [[{"GVWRFrom":"Class 1C: 4,001 - 5,000 lb (1,814 - 2,268 kg)","GVWRTo":"Class 8: 33,001 lb and above (14,969 kg and above)","IsPrimary":true,"Name":"Truck "},{"GVWRFrom":"Class 1A: 3,000 lb or less (1,360 kg or less)","GVWRTo":"Class 8: 33,001 lb and above (14,969 kg and above)","IsPrimary":false,"Name":"Trailer"},{"GVWRFrom":"Class 1A: 3,000 lb or less (1,360 kg or less)","GVWRTo":"Class 8: 33,001 lb and above (14,969 kg and above)","IsPrimary":false,"Name":"Incomplete Vehicle"},{"GVWRFrom":"Class 1A: 3,000 lb or less (1,360 kg or less)","GVWRTo":"Class 8: 33,001 lb and above (14,969 kg and above)","IsPrimary":false,"Name":"Off Road Vehicle"}]]

	at Urbn8.TestCase.TestManuafactor.VerifyGetManuafactureByID(TestManuafactor.java:52)
</failure>
  </testcase>
</testsuite>