<?xml version="1.0" encoding="UTF-8"?>
<!-- Generated by org.testng.reporters.JUnitReportReporter -->
<testsuite skipped="0" hostname="127.0.0.0" name="Urbn8.TestCase.TestManuafactor" tests="4" failures="1" timestamp="2021-11-21T01:58:01 ICT" time="4.856" errors="0">
  <testcase name="VerifyTheNumberOfManuafacturesReturnCorrect" time="2.774" classname="Urbn8.TestCase.TestManuafactor"/>
  <system-out/>
  <testcase name="VerifyTheOneManuafactureExistedInList" time="0.863" classname="Urbn8.TestCase.TestManuafactor"/>
  <system-out/>
  <testcase name="VerifyGetManuafactureDetailByName" time="0.665" classname="Urbn8.TestCase.TestManuafactor"/>
  <system-out/>
  <testcase name="VerifyGetManuafactureByID" time="0.554" classname="Urbn8.TestCase.TestManuafactor">
    <failure type="java.lang.AssertionError" message="[Extracted: Country, Mfr_CommonName, Mfr_Name, VehicleTypes] 
Expecting:
  [&quot;UNITED STATES (USA)&quot;,
    &quot;Concord&quot;,
    &quot;CONCORD ROAD EQUIPMENT MFG., INC.&quot;,
    [{&quot;GVWRFrom&quot;:&quot;Class 1C: 4,001 - 5,000 lb (1,814 - 2,268 kg)&quot;,&quot;GVWRTo&quot;:&quot;Class 8: 33,001 lb and above (14,969 kg and above)&quot;,&quot;IsPrimary&quot;:true,&quot;Name&quot;:&quot;Truck &quot;},{&quot;GVWRFrom&quot;:&quot;Class 1A: 3,000 lb or less (1,360 kg or less)&quot;,&quot;GVWRTo&quot;:&quot;Class 8: 33,001 lb and above (14,969 kg and above)&quot;,&quot;IsPrimary&quot;:false,&quot;Name&quot;:&quot;Trailer&quot;},{&quot;GVWRFrom&quot;:&quot;Class 1A: 3,000 lb or less (1,360 kg or less)&quot;,&quot;GVWRTo&quot;:&quot;Class 8: 33,001 lb and above (14,969 kg and above)&quot;,&quot;IsPrimary&quot;:false,&quot;Name&quot;:&quot;Incomplete Vehicle&quot;},{&quot;GVWRFrom&quot;:&quot;Class 1A: 3,000 lb or less (1,360 kg or less)&quot;,&quot;GVWRTo&quot;:&quot;Class 8: 33,001 lb and above (14,969 kg and above)&quot;,&quot;IsPrimary&quot;:false,&quot;Name&quot;:&quot;Off Road Vehicle&quot;}]]
to contain exactly (and in same order):
  [&quot;UNITED STATES (USA)&quot;,
    &quot;Concord&quot;,
    &quot;CONCORD ROAD EQUIPMENT MFG., INC.&quot;,
    [{&quot;IsPrimary&quot;:true,&quot;Name&quot;:&quot;Truck &quot;},{&quot;IsPrimary&quot;:false,&quot;Name&quot;:&quot;Trailer&quot;},{&quot;IsPrimary&quot;:false,&quot;Name&quot;:&quot;Incomplete Vehicle&quot;},{&quot;IsPrimary&quot;:false,&quot;Name&quot;:&quot;Off Road Vehicle&quot;}]]
but some elements were not found:
  [[{&quot;IsPrimary&quot;:true,&quot;Name&quot;:&quot;Truck &quot;},{&quot;IsPrimary&quot;:false,&quot;Name&quot;:&quot;Trailer&quot;},{&quot;IsPrimary&quot;:false,&quot;Name&quot;:&quot;Incomplete Vehicle&quot;},{&quot;IsPrimary&quot;:false,&quot;Name&quot;:&quot;Off Road Vehicle&quot;}]]
and others were not expected:
  [[{&quot;GVWRFrom&quot;:&quot;Class 1C: 4,001 - 5,000 lb (1,814 - 2,268 kg)&quot;,&quot;GVWRTo&quot;:&quot;Class 8: 33,001 lb and above (14,969 kg and above)&quot;,&quot;IsPrimary&quot;:true,&quot;Name&quot;:&quot;Truck &quot;},{&quot;GVWRFrom&quot;:&quot;Class 1A: 3,000 lb or less (1,360 kg or less)&quot;,&quot;GVWRTo&quot;:&quot;Class 8: 33,001 lb and above (14,969 kg and above)&quot;,&quot;IsPrimary&quot;:false,&quot;Name&quot;:&quot;Trailer&quot;},{&quot;GVWRFrom&quot;:&quot;Class 1A: 3,000 lb or less (1,360 kg or less)&quot;,&quot;GVWRTo&quot;:&quot;Class 8: 33,001 lb and above (14,969 kg and above)&quot;,&quot;IsPrimary&quot;:false,&quot;Name&quot;:&quot;Incomplete Vehicle&quot;},{&quot;GVWRFrom&quot;:&quot;Class 1A: 3,000 lb or less (1,360 kg or less)&quot;,&quot;GVWRTo&quot;:&quot;Class 8: 33,001 lb and above (14,969 kg and above)&quot;,&quot;IsPrimary&quot;:false,&quot;Name&quot;:&quot;Off Road Vehicle&quot;}]]
">
      <![CDATA[java.lang.AssertionError: [Extracted: Country, Mfr_CommonName, Mfr_Name, VehicleTypes] 
Expecting:
  ["UNITED STATES (USA)",
    "Concord",
    "CONCORD ROAD EQUIPMENT MFG., INC.",
    [{"GVWRFrom":"Class 1C: 4,001 - 5,000 lb (1,814 - 2,268 kg)","GVWRTo":"Class 8: 33,001 lb and above (14,969 kg and above)","IsPrimary":true,"Name":"Truck "},{"GVWRFrom":"Class 1A: 3,000 lb or less (1,360 kg or less)","GVWRTo":"Class 8: 33,001 lb and above (14,969 kg and above)","IsPrimary":false,"Name":"Trailer"},{"GVWRFrom":"Class 1A: 3,000 lb or less (1,360 kg or less)","GVWRTo":"Class 8: 33,001 lb and above (14,969 kg and above)","IsPrimary":false,"Name":"Incomplete Vehicle"},{"GVWRFrom":"Class 1A: 3,000 lb or less (1,360 kg or less)","GVWRTo":"Class 8: 33,001 lb and above (14,969 kg and above)","IsPrimary":false,"Name":"Off Road Vehicle"}]]
to contain exactly (and in same order):
  ["UNITED STATES (USA)",
    "Concord",
    "CONCORD ROAD EQUIPMENT MFG., INC.",
    [{"IsPrimary":true,"Name":"Truck "},{"IsPrimary":false,"Name":"Trailer"},{"IsPrimary":false,"Name":"Incomplete Vehicle"},{"IsPrimary":false,"Name":"Off Road Vehicle"}]]
but some elements were not found:
  [[{"IsPrimary":true,"Name":"Truck "},{"IsPrimary":false,"Name":"Trailer"},{"IsPrimary":false,"Name":"Incomplete Vehicle"},{"IsPrimary":false,"Name":"Off Road Vehicle"}]]
and others were not expected:
  [[{"GVWRFrom":"Class 1C: 4,001 - 5,000 lb (1,814 - 2,268 kg)","GVWRTo":"Class 8: 33,001 lb and above (14,969 kg and above)","IsPrimary":true,"Name":"Truck "},{"GVWRFrom":"Class 1A: 3,000 lb or less (1,360 kg or less)","GVWRTo":"Class 8: 33,001 lb and above (14,969 kg and above)","IsPrimary":false,"Name":"Trailer"},{"GVWRFrom":"Class 1A: 3,000 lb or less (1,360 kg or less)","GVWRTo":"Class 8: 33,001 lb and above (14,969 kg and above)","IsPrimary":false,"Name":"Incomplete Vehicle"},{"GVWRFrom":"Class 1A: 3,000 lb or less (1,360 kg or less)","GVWRTo":"Class 8: 33,001 lb and above (14,969 kg and above)","IsPrimary":false,"Name":"Off Road Vehicle"}]]

at Urbn8.TestCase.TestManuafactor.VerifyGetManuafactureByID(TestManuafactor.java:52)
at sun.reflect.NativeMethodAccessorImpl.invoke0(Native Method)
at sun.reflect.NativeMethodAccessorImpl.invoke(NativeMethodAccessorImpl.java:62)
at sun.reflect.DelegatingMethodAccessorImpl.invoke(DelegatingMethodAccessorImpl.java:43)
at java.lang.reflect.Method.invoke(Method.java:498)
at org.testng.internal.MethodInvocationHelper.invokeMethod(MethodInvocationHelper.java:132)
at org.testng.internal.TestInvoker.invokeMethod(TestInvoker.java:599)
at org.testng.internal.TestInvoker.invokeTestMethod(TestInvoker.java:174)
at org.testng.internal.MethodRunner.runInSequence(MethodRunner.java:46)
at org.testng.internal.TestInvoker$MethodInvocationAgent.invoke(TestInvoker.java:822)
at org.testng.internal.TestInvoker.invokeTestMethods(TestInvoker.java:147)
at org.testng.internal.TestMethodWorker.invokeTestMethods(TestMethodWorker.java:146)
at org.testng.internal.TestMethodWorker.run(TestMethodWorker.java:128)
at java.util.ArrayList.forEach(ArrayList.java:1259)
at org.testng.TestRunner.privateRun(TestRunner.java:764)
at org.testng.TestRunner.run(TestRunner.java:585)
at org.testng.SuiteRunner.runTest(SuiteRunner.java:384)
at org.testng.SuiteRunner.access$000(SuiteRunner.java:28)
at org.testng.SuiteRunner$SuiteWorker.run(SuiteRunner.java:425)
at org.testng.internal.thread.ThreadUtil.lambda$execute$0(ThreadUtil.java:66)
at java.util.concurrent.FutureTask.run(FutureTask.java:266)
at java.util.concurrent.ThreadPoolExecutor.runWorker(ThreadPoolExecutor.java:1149)
at java.util.concurrent.ThreadPoolExecutor$Worker.run(ThreadPoolExecutor.java:624)
at java.lang.Thread.run(Thread.java:748)
]]>
    </failure>
  </testcase> <!-- VerifyGetManuafactureByID -->
  <system-out/>
</testsuite> <!-- Urbn8.TestCase.TestManuafactor -->
